<?xml version="1.0" encoding="utf-8"?><testsuites name="pytest tests"><testsuite name="pytest" errors="0" failures="2" skipped="0" tests="21" time="4.398" timestamp="2026-04-28T09:33:57.808115+00:00" hostname="agent-env-ce4a1a1f-3095-4f2e-8c3e-7b8596c4e3b3"><testcase classname="backend.tests.test_iteration4.TestV2Auth" name="test_send_message_no_auth" time="0.233" /><testcase classname="backend.tests.test_iteration4.TestV2Auth" name="test_send_message_invalid_token" time="0.145" /><testcase classname="backend.tests.test_iteration4.TestV2Auth" name="test_send_message_no_connected_session" time="0.709" /><testcase classname="backend.tests.test_iteration4.TestV2Auth" name="test_send_group_no_auth" time="0.105" /><testcase classname="backend.tests.test_iteration4.TestV2Auth" name="test_send_group_invalid_token" time="0.108" /><testcase classname="backend.tests.test_iteration4.TestV2Schedule" name="test_send_message_with_future_delay_creates_scheduled_doc" time="0.283"><failure message="AssertionError: {&quot;success&quot;:true,&quot;statusCode&quot;:201,&quot;timestamp&quot;:&quot;2026-04-28 09:33:59&quot;,&quot;data&quot;:{&quot;phonenumber&quot;:&quot;15559998888&quot;,&quot;id&quot;:&quot;3db4b347-f660-4c4a-950c-0f0a29774b0f&quot;,&quot;scheduled_for&quot;:&quot;2026-04-29T09:33:00+00:00&quot;}}&#10;assert 200 == 201&#10; +  where 200 = &lt;Response [200]&gt;.status_code">backend/tests/test_iteration4.py:149: in test_send_message_with_future_delay_creates_scheduled_doc
    assert r.status_code == 201, r.text
E   AssertionError: {"success":true,"statusCode":201,"timestamp":"2026-04-28 09:33:59","data":{"phonenumber":"15559998888","id":"3db4b347-f660-4c4a-950c-0f0a29774b0f","scheduled_for":"2026-04-29T09:33:00+00:00"}}
E   assert 200 == 201
E    +  where 200 = &lt;Response [200]&gt;.status_code</failure></testcase><testcase classname="backend.tests.test_iteration4.TestV2Schedule" name="test_send_group_with_future_delay" time="0.321"><failure message="AssertionError: {&quot;success&quot;:true,&quot;statusCode&quot;:201,&quot;timestamp&quot;:&quot;2026-04-28 09:33:59&quot;,&quot;data&quot;:{&quot;groupId&quot;:&quot;120363012345678901&quot;,&quot;id&quot;:&quot;6cacbd42-ab50-4e3b-95c4-90892a1829c6&quot;,&quot;scheduled_for&quot;:&quot;2026-04-29T09:33:00+00:00&quot;}}&#10;assert 200 == 201&#10; +  where 200 = &lt;Response [200]&gt;.status_code">backend/tests/test_iteration4.py:185: in test_send_group_with_future_delay
    assert r.status_code == 201, r.text
E   AssertionError: {"success":true,"statusCode":201,"timestamp":"2026-04-28 09:33:59","data":{"groupId":"120363012345678901","id":"6cacbd42-ab50-4e3b-95c4-90892a1829c6","scheduled_for":"2026-04-29T09:33:00+00:00"}}
E   assert 200 == 201
E    +  where 200 = &lt;Response [200]&gt;.status_code</failure></testcase><testcase classname="backend.tests.test_iteration4.TestV2MessageStatus" name="test_status_unknown_id" time="0.109" /><testcase classname="backend.tests.test_iteration4.TestV2MessageStatus" name="test_status_existing_message" time="0.103" /><testcase classname="backend.tests.test_iteration4.TestV2MessageStatus" name="test_sent_messages_paginated" time="0.141" /><testcase classname="backend.tests.test_iteration4.TestV2MessageStatus" name="test_sent_messages_phonenumber_filter" time="0.117" /><testcase classname="backend.tests.test_iteration4.TestV2MessageStatus" name="test_received_messages" time="0.136" /><testcase classname="backend.tests.test_iteration4.TestV2Account" name="test_account" time="0.103" /><testcase classname="backend.tests.test_iteration4.TestV2Account" name="test_account_via_x_api_key" time="0.104" /><testcase classname="backend.tests.test_iteration4.TestV2Account" name="test_account_via_query_token" time="0.107" /><testcase classname="backend.tests.test_iteration4.TestSessionSettings" name="test_patch_settings_updates_doc" time="0.278" /><testcase classname="backend.tests.test_iteration4.TestSessionSettings" name="test_patch_settings_other_user_404" time="0.557" /><testcase classname="backend.tests.test_iteration4.TestSessionMessages" name="test_session_messages_direction_filters" time="0.252" /><testcase classname="backend.tests.test_iteration4.TestSessionMessages" name="test_session_messages_unknown_session" time="0.043" /><testcase classname="backend.tests.test_iteration4.TestPluginDownloads" name="test_whmcs_zip" time="0.115" /><testcase classname="backend.tests.test_iteration4.TestPluginDownloads" name="test_woocommerce_zip" time="0.118" /></testsuite></testsuites>