<?xml version="1.0" encoding="utf-8"?><testsuites name="pytest tests"><testsuite name="pytest" errors="0" failures="0" skipped="0" tests="18" time="2.090" timestamp="2026-04-28T11:00:12.587879+00:00" hostname="agent-env-ce4a1a1f-3095-4f2e-8c3e-7b8596c4e3b3"><testcase classname="backend.tests.test_iteration8.TestUnauthGating" name="test_status_unauth_401" time="0.246" /><testcase classname="backend.tests.test_iteration8.TestUnauthGating" name="test_log_unauth_401" time="0.053" /><testcase classname="backend.tests.test_iteration8.TestUnauthGating" name="test_update_unauth_401" time="0.056" /><testcase classname="backend.tests.test_iteration8.TestCustomerGating" name="test_status_customer_403" time="0.382" /><testcase classname="backend.tests.test_iteration8.TestCustomerGating" name="test_log_customer_403" time="0.048" /><testcase classname="backend.tests.test_iteration8.TestCustomerGating" name="test_update_customer_403" time="0.045" /><testcase classname="backend.tests.test_iteration8.TestAdminSystemStatus" name="test_status_200_and_shape" time="0.426" /><testcase classname="backend.tests.test_iteration8.TestAdminSystemStatus" name="test_status_git_available_true" time="0.064" /><testcase classname="backend.tests.test_iteration8.TestAdminSystemStatus" name="test_status_fetch_fails_no_origin" time="0.075" /><testcase classname="backend.tests.test_iteration8.TestAdminSystemStatus" name="test_status_commit_and_branch" time="0.070" /><testcase classname="backend.tests.test_iteration8.TestAdminSystemStatus" name="test_status_behind_count_int" time="0.067" /><testcase classname="backend.tests.test_iteration8.TestAdminSystemStatus" name="test_status_install_dir_is_app" time="0.172" /><testcase classname="backend.tests.test_iteration8.TestAdminSystemLog" name="test_log_200_and_shape" time="0.049" /><testcase classname="backend.tests.test_iteration8.TestAdminSystemLog" name="test_log_log_file_may_not_exist" time="0.048" /><testcase classname="backend.tests.test_iteration8.TestAdminSystemLog" name="test_log_lines_param_accepted" time="0.047" /><testcase classname="backend.tests.test_iteration8.TestAdminSystemLog" name="test_log_lines_param_clamped" time="0.095" /><testcase classname="backend.tests.test_iteration8.TestAdminSystemUpdate" name="test_update_script_exists_on_disk" time="0.000" /><testcase classname="backend.tests.test_iteration8.TestAdminSystemUpdate" name="test_update_endpoint_exists_for_admin" time="0.057" /></testsuite></testsuites>