<?xml version="1.0" encoding="utf-8"?><testsuites name="pytest tests"><testsuite name="pytest" errors="0" failures="0" skipped="0" tests="22" time="7.260" timestamp="2026-04-28T10:18:57.963104+00:00" hostname="agent-env-ce4a1a1f-3095-4f2e-8c3e-7b8596c4e3b3"><testcase classname="backend.tests.test_iteration6.TestRegisterProfileFields" name="test_register_with_full_profile" time="0.359" /><testcase classname="backend.tests.test_iteration6.TestRegisterProfileFields" name="test_register_minimal_only_required" time="0.351" /><testcase classname="backend.tests.test_iteration6.TestRegisterProfileFields" name="test_auth_me_includes_profile_fields" time="0.051" /><testcase classname="backend.tests.test_iteration6.TestUpdateProfile" name="test_update_all_profile_fields" time="0.106" /><testcase classname="backend.tests.test_iteration6.TestUpdateProfile" name="test_update_partial_only_phone" time="0.051" /><testcase classname="backend.tests.test_iteration6.TestUpdateProfile" name="test_update_empty_body_returns_current_user" time="0.066" /><testcase classname="backend.tests.test_iteration6.TestUpdateProfile" name="test_update_profile_unauth" time="0.103" /><testcase classname="backend.tests.test_iteration6.TestUpdateCredentials" name="test_credentials_unauth" time="0.095" /><testcase classname="backend.tests.test_iteration6.TestUpdateCredentials" name="test_wrong_current_password" time="0.581" /><testcase classname="backend.tests.test_iteration6.TestUpdateCredentials" name="test_nothing_to_update" time="0.613" /><testcase classname="backend.tests.test_iteration6.TestUpdateCredentials" name="test_change_password_flow" time="1.487" /><testcase classname="backend.tests.test_iteration6.TestUpdateCredentials" name="test_change_email_flow" time="1.022" /><testcase classname="backend.tests.test_iteration6.TestUpdateCredentials" name="test_change_email_to_existing_returns_400" time="0.983" /><testcase classname="backend.tests.test_iteration6.TestAdminGetCustomerDetail" name="test_admin_get_customer_detail" time="0.378" /><testcase classname="backend.tests.test_iteration6.TestAdminGetCustomerDetail" name="test_customer_cannot_access_admin_detail" time="0.054" /><testcase classname="backend.tests.test_iteration6.TestAdminGetCustomerDetail" name="test_admin_get_unknown_customer_returns_404" time="0.049" /><testcase classname="backend.tests.test_iteration6.TestRegression" name="test_admin_login_still_works" time="0.353" /><testcase classname="backend.tests.test_iteration6.TestRegression" name="test_health" time="0.142" /><testcase classname="backend.tests.test_iteration6.TestRegression" name="test_admin_list_customers" time="0.053" /><testcase classname="backend.tests.test_iteration6.TestRegression" name="test_customer_list_forbidden" time="0.055" /><testcase classname="backend.tests.test_iteration6.TestRegression" name="test_v1_messages_unauth" time="0.095" /><testcase classname="backend.tests.test_iteration6.TestRegression" name="test_register_duplicate_email_400" time="0.114" /></testsuite></testsuites>