<?xml version="1.0" encoding="utf-8"?><testsuites name="pytest tests"><testsuite name="pytest" errors="0" failures="0" skipped="0" tests="14" time="12.066" timestamp="2026-08-13T18:17:21.291881+00:00" hostname="agent-env-ce4a1a1f-3095-4f2e-8c3e-7b8596c4e3b3"><testcase classname="backend.tests.test_iteration9.TestWAServiceHealth" name="test_api_health_reports_wa_service_ok" time="0.380" /><testcase classname="backend.tests.test_iteration9.TestSessionLifecycle" name="test_create_session_persists_with_starting_status" time="0.912" /><testcase classname="backend.tests.test_iteration9.TestSessionLifecycle" name="test_get_session_status_returns_valid_state" time="2.223" /><testcase classname="backend.tests.test_iteration9.TestSessionLifecycle" name="test_repeated_restart_does_not_crash_service" time="6.569" /><testcase classname="backend.tests.test_iteration9.TestSessionLifecycle" name="test_service_still_serves_after_restart_cycle" time="0.234" /><testcase classname="backend.tests.test_iteration9.TestV2Regressions" name="test_v2_group_list_no_session_returns_400_not_500" time="0.135" /><testcase classname="backend.tests.test_iteration9.TestV2Regressions" name="test_v2_group_list_invalid_bearer_returns_401" time="0.143" /><testcase classname="backend.tests.test_iteration9.TestV2Regressions" name="test_v2_sendGroup_preserves_g_us_jid" time="0.143" /><testcase classname="backend.tests.test_iteration9.TestV2Regressions" name="test_v2_sendMessageFile_unsupported_mime_returns_400_with_error" time="0.197" /><testcase classname="backend.tests.test_iteration9.TestSessionScopedApiKey" name="test_session_api_key_differs_from_user_master_key" time="0.119" /><testcase classname="backend.tests.test_iteration9.TestSessionScopedApiKey" name="test_session_bearer_accepted_by_v2_endpoint" time="0.320" /><testcase classname="backend.tests.test_iteration9.TestPrivacy" name="test_messages_endpoint_filters_by_user" time="0.068" /><testcase classname="backend.tests.test_iteration9.TestPrivacy" name="test_messages_endpoint_rejects_cross_user_query" time="0.082" /><testcase classname="backend.tests.test_iteration9.TestPrivacy" name="test_admin_customer_detail_returns_aggregate_only" time="0.448" /></testsuite></testsuites>