<?xml version="1.0" encoding="utf-8"?><testsuites name="pytest tests"><testsuite name="pytest" errors="0" failures="0" skipped="0" tests="21" time="3.286" timestamp="2026-08-13T18:48:39.360165+00:00" hostname="agent-env-ce4a1a1f-3095-4f2e-8c3e-7b8596c4e3b3"><testcase classname="backend.tests.test_security_fixes.TestCORS" name="test_disallowed_origin_rejected_at_backend" time="0.003" /><testcase classname="backend.tests.test_security_fixes.TestCORS" name="test_allowed_origin_echoed_with_credentials_at_backend" time="0.002" /><testcase classname="backend.tests.test_security_fixes.TestWebhookSigning" name="test_paypal_webhook_rejects_without_config" time="0.353" /><testcase classname="backend.tests.test_security_fixes.TestWebhookSigning" name="test_stripe_webhook_rejects_without_config" time="0.140" /><testcase classname="backend.tests.test_security_fixes.TestWebhookSigning" name="test_razorpay_webhook_rejects_without_config" time="0.140" /><testcase classname="backend.tests.test_security_fixes.TestSSRFGuardUnit" name="test_unsafe_urls_rejected" time="0.047" /><testcase classname="backend.tests.test_security_fixes.TestSSRFGuardUnit" name="test_safe_urls_accepted" time="0.045" /><testcase classname="backend.tests.test_security_fixes.TestSSRFGuardHTTP" name="test_v1_messages_with_master_key_reachable" time="0.749" /><testcase classname="backend.tests.test_security_fixes.TestSSRFGuardHTTP" name="test_v2_sendmessage_with_session_key_reachable" time="0.269" /><testcase classname="backend.tests.test_security_fixes.TestNodeInternalAuth" name="test_sessions_status_without_header_returns_401" time="0.002" /><testcase classname="backend.tests.test_security_fixes.TestNodeInternalAuth" name="test_sessions_status_with_valid_header_bypasses_auth" time="0.001" /><testcase classname="backend.tests.test_security_fixes.TestNodeInternalAuth" name="test_sessions_status_with_bad_header_returns_401" time="0.001" /><testcase classname="backend.tests.test_security_fixes.TestNodeInternalAuth" name="test_health_remains_public" time="0.001" /><testcase classname="backend.tests.test_security_fixes.TestRegression" name="test_api_health" time="0.165" /><testcase classname="backend.tests.test_security_fixes.TestRegression" name="test_admin_login_sets_cookies" time="0.362" /><testcase classname="backend.tests.test_security_fixes.TestRegression" name="test_sessions_list_has_api_keys" time="0.119" /><testcase classname="backend.tests.test_security_fixes.TestRegression" name="test_v2_grouplist_unconnected_session" time="0.204" /><testcase classname="backend.tests.test_security_fixes.TestRegression" name="test_v2_account_with_session_api_key" time="0.248" /><testcase classname="backend.tests.test_security_fixes.TestRegression" name="test_v2_sendmessagefile_pdf_validation_passes" time="0.122" /><testcase classname="backend.tests.test_security_fixes.TestRegression" name="test_developer_docs_public_no_apikey_leak" time="0.139" /><testcase classname="backend.tests.test_security_fixes.TestRegression" name="test_api_messages_scoped_to_user" time="0.081" /></testsuite></testsuites>