<?xml version="1.0" encoding="utf-8"?><testsuites name="pytest tests"><testsuite name="pytest" errors="0" failures="0" skipped="0" tests="5" time="0.892" timestamp="2026-08-21T05:03:50.892287+00:00" hostname="agent-env-ce4a1a1f-3095-4f2e-8c3e-7b8596c4e3b3"><testcase classname="backend.tests.test_session_resolve_desync.TestConnectEventAuth" name="test_missing_secret_rejected" time="0.248" /><testcase classname="backend.tests.test_session_resolve_desync.TestConnectEventAuth" name="test_wrong_secret_rejected" time="0.110" /><testcase classname="backend.tests.test_session_resolve_desync.TestConnectEventUpdatesDB" name="test_valid_event_flips_db_to_connected" time="0.129" /><testcase classname="backend.tests.test_session_resolve_desync.TestConnectEventUpdatesDB" name="test_unknown_session_noop" time="0.125" /><testcase classname="backend.tests.test_session_resolve_desync.TestLiveCheckFallback" name="test_error_message_reflects_live_node_status" time="0.137" /></testsuite></testsuites>