<?xml version="1.0" encoding="utf-8"?><testsuites name="pytest tests"><testsuite name="pytest" errors="0" failures="0" skipped="0" tests="14" time="4.310" timestamp="2026-04-28T10:34:02.800180+00:00" hostname="agent-env-ce4a1a1f-3095-4f2e-8c3e-7b8596c4e3b3"><testcase classname="backend.tests.test_iteration7.TestImpersonateStart" name="test_impersonate_unauth" time="0.895" /><testcase classname="backend.tests.test_iteration7.TestImpersonateStart" name="test_impersonate_as_customer_forbidden" time="0.386" /><testcase classname="backend.tests.test_iteration7.TestImpersonateStart" name="test_impersonate_unknown_customer" time="0.053" /><testcase classname="backend.tests.test_iteration7.TestImpersonateStart" name="test_impersonate_admin_self" time="0.101" /><testcase classname="backend.tests.test_iteration7.TestImpersonateFlow" name="test_full_flow" time="0.745" /><testcase classname="backend.tests.test_iteration7.TestImpersonateFlow" name="test_exit_without_impersonation" time="0.047" /><testcase classname="backend.tests.test_iteration7.TestAuditLogs" name="test_audit_logs_admin_access" time="1.051" /><testcase classname="backend.tests.test_iteration7.TestAuditLogs" name="test_audit_logs_filter_by_type" time="0.046" /><testcase classname="backend.tests.test_iteration7.TestAuditLogs" name="test_audit_logs_customer_forbidden" time="0.392" /><testcase classname="backend.tests.test_iteration7.TestAuditLogs" name="test_audit_logs_unauth" time="0.124" /><testcase classname="backend.tests.test_iteration7.TestRegression" name="test_health" time="0.143" /><testcase classname="backend.tests.test_iteration7.TestRegression" name="test_admin_stats_still_works" time="0.051" /><testcase classname="backend.tests.test_iteration7.TestRegression" name="test_admin_list_customers" time="0.061" /><testcase classname="backend.tests.test_iteration7.TestRegression" name="test_me_profile_admin_unchanged" time="0.146" /></testsuite></testsuites>