<?xml version="1.0" encoding="utf-8"?><testsuites name="pytest tests"><testsuite name="pytest" errors="0" failures="0" skipped="0" tests="94" time="109.358" timestamp="2026-04-28T09:39:10.828232+00:00" hostname="agent-env-ce4a1a1f-3095-4f2e-8c3e-7b8596c4e3b3"><testcase classname="backend.tests.backend_test.TestHealth" name="test_health" time="0.171" /><testcase classname="backend.tests.backend_test.TestHealth" name="test_root" time="0.105" /><testcase classname="backend.tests.backend_test.TestAuth" name="test_admin_login_success_sets_cookies" time="0.323" /><testcase classname="backend.tests.backend_test.TestAuth" name="test_login_wrong_password" time="0.315" /><testcase classname="backend.tests.backend_test.TestAuth" name="test_login_nonexistent_user" time="0.143" /><testcase classname="backend.tests.backend_test.TestAuth" name="test_register_and_duplicate" time="0.468" /><testcase classname="backend.tests.backend_test.TestAuth" name="test_me_with_cookies" time="0.374" /><testcase classname="backend.tests.backend_test.TestAuth" name="test_me_unauthenticated" time="0.104" /><testcase classname="backend.tests.backend_test.TestAuth" name="test_logout_clears_cookies" time="0.399" /><testcase classname="backend.tests.backend_test.TestAdmin" name="test_admin_stats" time="0.047" /><testcase classname="backend.tests.backend_test.TestAdmin" name="test_admin_stats_forbidden_for_customer" time="0.369" /><testcase classname="backend.tests.backend_test.TestAdmin" name="test_admin_create_list_update_regen_delete" time="0.554" /><testcase classname="backend.tests.backend_test.TestAdmin" name="test_admin_update_nonexistent_customer" time="0.046" /><testcase classname="backend.tests.backend_test.TestAdmin" name="test_admin_delete_nonexistent_customer" time="0.047" /><testcase classname="backend.tests.backend_test.TestMe" name="test_me_stats" time="0.046" /><testcase classname="backend.tests.backend_test.TestMe" name="test_me_regenerate_key" time="0.088" /><testcase classname="backend.tests.backend_test.TestSessions" name="test_create_session" time="0.236" /><testcase classname="backend.tests.backend_test.TestSessions" name="test_session_status" time="2.090" /><testcase classname="backend.tests.backend_test.TestSessions" name="test_list_sessions" time="0.073" /><testcase classname="backend.tests.backend_test.TestSessions" name="test_status_unauthenticated" time="0.119" /><testcase classname="backend.tests.backend_test.TestSessions" name="test_status_other_user_404" time="0.049" /><testcase classname="backend.tests.backend_test.TestSessions" name="test_send_without_connected_session" time="0.077" /><testcase classname="backend.tests.backend_test.TestSessions" name="test_list_messages" time="0.051" /><testcase classname="backend.tests.backend_test.TestSessions" name="test_delete_session" time="0.125" /><testcase classname="backend.tests.backend_test.TestPublicAPI" name="test_public_messages_no_key" time="0.114" /><testcase classname="backend.tests.backend_test.TestPublicAPI" name="test_public_sessions_no_key" time="0.106" /><testcase classname="backend.tests.backend_test.TestPublicAPI" name="test_public_messages_bad_key" time="0.121" /><testcase classname="backend.tests.backend_test.TestPublicAPI" name="test_public_sessions_with_valid_key" time="0.124" /><testcase classname="backend.tests.backend_test.TestPublicAPI" name="test_public_messages_no_connected_session" time="0.098" /><testcase classname="backend.tests.backend_test.TestWebhook" name="test_me_includes_webhook_fields" time="0.045" /><testcase classname="backend.tests.backend_test.TestWebhook" name="test_set_webhook_invalid_url" time="0.044" /><testcase classname="backend.tests.backend_test.TestWebhook" name="test_set_webhook_valid_url" time="0.093" /><testcase classname="backend.tests.backend_test.TestWebhook" name="test_test_webhook_when_set" time="0.090" /><testcase classname="backend.tests.backend_test.TestWebhook" name="test_delete_webhook" time="0.089" /><testcase classname="backend.tests.backend_test.TestWebhook" name="test_test_webhook_when_not_set" time="0.045" /><testcase classname="backend.tests.backend_test.TestInternalInbound" name="test_inbound_without_secret" time="0.098" /><testcase classname="backend.tests.backend_test.TestInternalInbound" name="test_inbound_wrong_secret" time="0.099" /><testcase classname="backend.tests.backend_test.TestInternalInbound" name="test_inbound_unknown_session" time="0.102" /><testcase classname="backend.tests.backend_test.TestInternalInbound" name="test_inbound_valid_session_stores_message" time="1.473" /><testcase classname="backend.tests.backend_test.TestSendMedia" name="test_send_media_without_auth" time="0.098" /><testcase classname="backend.tests.backend_test.TestSendMedia" name="test_send_media_session_not_found" time="0.048" /><testcase classname="backend.tests.backend_test.TestSendMedia" name="test_send_media_too_large" time="1.020" /><testcase classname="backend.tests.backend_test.TestPublicAPIMedia" name="test_public_messages_neither_text_nor_media" time="0.096" /><testcase classname="backend.tests.backend_test.TestPublicAPIMedia" name="test_public_messages_unreachable_media_url_or_no_session" time="0.109" /><testcase classname="backend.tests.backend_test.TestMessagesDirectionFilter" name="test_direction_filters_combined" time="0.516" /><testcase classname="backend.tests.backend_test.TestHmacAlgo" name="test_hmac_format" time="0.000" /><testcase classname="backend.tests.backend_test.TestWebhookRetry" name="test_me_includes_disable_fields" time="0.044" /><testcase classname="backend.tests.backend_test.TestWebhookRetry" name="test_failure_increments_counter" time="62.699" /><testcase classname="backend.tests.backend_test.TestWebhookRetry" name="test_enable_resets_counter" time="0.133" /><testcase classname="backend.tests.backend_test.TestMediaGet" name="test_media_no_auth" time="0.141" /><testcase classname="backend.tests.backend_test.TestMediaGet" name="test_media_other_user_404" time="0.958" /><testcase classname="backend.tests.backend_test.TestBulkCsv" name="test_bulk_csv_no_header" time="0.209" /><testcase classname="backend.tests.backend_test.TestBulkCsv" name="test_bulk_csv_empty_rows" time="0.212" /><testcase classname="backend.tests.backend_test.TestBulkCsv" name="test_bulk_csv_session_not_found" time="0.045" /><testcase classname="backend.tests.backend_test.TestBulkCsv" name="test_bulk_csv_valid_parses_and_renders" time="2.055" /><testcase classname="backend.tests.backend_test.TestPlans" name="test_public_plans_active_only" time="0.105" /><testcase classname="backend.tests.backend_test.TestPlans" name="test_admin_plans_requires_admin" time="0.049" /><testcase classname="backend.tests.backend_test.TestPlans" name="test_admin_plans_crud" time="0.421" /><testcase classname="backend.tests.backend_test.TestPlans" name="test_admin_patch_nonexistent_plan" time="0.048" /><testcase classname="backend.tests.backend_test.TestPlans" name="test_admin_delete_nonexistent_plan" time="0.047" /><testcase classname="backend.tests.backend_test.TestBillingGateways" name="test_gateways_status" time="0.101" /><testcase classname="backend.tests.backend_test.TestBillingGateways" name="test_my_subscription_empty" time="0.044" /><testcase classname="backend.tests.backend_test.TestBillingGateways" name="test_stripe_checkout_not_configured" time="0.136" /><testcase classname="backend.tests.backend_test.TestBillingGateways" name="test_razorpay_create_not_configured" time="0.137" /><testcase classname="backend.tests.backend_test.TestBillingGateways" name="test_paypal_create_not_configured" time="0.141" /><testcase classname="backend.tests.backend_test.TestBillingGateways" name="test_stripe_cancel_not_configured" time="0.044" /><testcase classname="backend.tests.backend_test.TestBillingGateways" name="test_billing_endpoints_require_auth" time="0.204" /><testcase classname="backend.tests.backend_test.TestBillingWebhooks" name="test_stripe_webhook_not_configured" time="0.138" /><testcase classname="backend.tests.backend_test.TestBillingWebhooks" name="test_razorpay_webhook_no_secret_parses" time="0.105" /><testcase classname="backend.tests.backend_test.TestBillingWebhooks" name="test_razorpay_webhook_invalid_json" time="0.098" /><testcase classname="backend.tests.backend_test.TestBillingWebhooks" name="test_paypal_webhook_accepts_event" time="0.100" /><testcase classname="backend.tests.backend_test.TestBillingWebhooks" name="test_paypal_webhook_invalid_json" time="0.111" /><testcase classname="backend.tests.test_iteration4.TestV2Auth" name="test_send_message_no_auth" time="0.102" /><testcase classname="backend.tests.test_iteration4.TestV2Auth" name="test_send_message_invalid_token" time="0.106" /><testcase classname="backend.tests.test_iteration4.TestV2Auth" name="test_send_message_no_connected_session" time="0.671" /><testcase classname="backend.tests.test_iteration4.TestV2Auth" name="test_send_group_no_auth" time="0.106" /><testcase classname="backend.tests.test_iteration4.TestV2Auth" name="test_send_group_invalid_token" time="0.096" /><testcase classname="backend.tests.test_iteration4.TestV2Schedule" name="test_send_message_with_future_delay_creates_scheduled_doc" time="0.300" /><testcase classname="backend.tests.test_iteration4.TestV2Schedule" name="test_send_group_with_future_delay" time="0.283" /><testcase classname="backend.tests.test_iteration4.TestV2Schedule" name="test_dispatcher_claims_due_pending_message" time="25.185" /><testcase classname="backend.tests.test_iteration4.TestV2MessageStatus" name="test_status_unknown_id" time="0.139" /><testcase classname="backend.tests.test_iteration4.TestV2MessageStatus" name="test_status_existing_message" time="0.106" /><testcase classname="backend.tests.test_iteration4.TestV2MessageStatus" name="test_sent_messages_paginated" time="0.100" /><testcase classname="backend.tests.test_iteration4.TestV2MessageStatus" name="test_sent_messages_phonenumber_filter" time="0.113" /><testcase classname="backend.tests.test_iteration4.TestV2MessageStatus" name="test_received_messages" time="0.098" /><testcase classname="backend.tests.test_iteration4.TestV2Account" name="test_account" time="0.102" /><testcase classname="backend.tests.test_iteration4.TestV2Account" name="test_account_via_x_api_key" time="0.143" /><testcase classname="backend.tests.test_iteration4.TestV2Account" name="test_account_via_query_token" time="0.125" /><testcase classname="backend.tests.test_iteration4.TestSessionSettings" name="test_patch_settings_updates_doc" time="0.350" /><testcase classname="backend.tests.test_iteration4.TestSessionSettings" name="test_patch_settings_other_user_404" time="0.562" /><testcase classname="backend.tests.test_iteration4.TestSessionMessages" name="test_session_messages_direction_filters" time="0.296" /><testcase classname="backend.tests.test_iteration4.TestSessionMessages" name="test_session_messages_unknown_session" time="0.053" /><testcase classname="backend.tests.test_iteration4.TestPluginDownloads" name="test_whmcs_zip" time="0.104" /><testcase classname="backend.tests.test_iteration4.TestPluginDownloads" name="test_woocommerce_zip" time="0.448" /></testsuite></testsuites>