<?xml version="1.0" encoding="utf-8"?><testsuites name="pytest tests"><testsuite name="pytest" errors="0" failures="0" skipped="0" tests="29" time="7.601" timestamp="2026-04-28T07:49:48.388323+00:00" hostname="agent-env-ce4a1a1f-3095-4f2e-8c3e-7b8596c4e3b3"><testcase classname="backend.tests.backend_test.TestHealth" name="test_health" time="0.276" /><testcase classname="backend.tests.backend_test.TestHealth" name="test_root" time="0.100" /><testcase classname="backend.tests.backend_test.TestAuth" name="test_admin_login_success_sets_cookies" time="0.335" /><testcase classname="backend.tests.backend_test.TestAuth" name="test_login_wrong_password" time="0.330" /><testcase classname="backend.tests.backend_test.TestAuth" name="test_login_nonexistent_user" time="0.108" /><testcase classname="backend.tests.backend_test.TestAuth" name="test_register_and_duplicate" time="0.430" /><testcase classname="backend.tests.backend_test.TestAuth" name="test_me_with_cookies" time="0.380" /><testcase classname="backend.tests.backend_test.TestAuth" name="test_me_unauthenticated" time="0.109" /><testcase classname="backend.tests.backend_test.TestAuth" name="test_logout_clears_cookies" time="0.434" /><testcase classname="backend.tests.backend_test.TestAdmin" name="test_admin_stats" time="0.057" /><testcase classname="backend.tests.backend_test.TestAdmin" name="test_admin_stats_forbidden_for_customer" time="0.387" /><testcase classname="backend.tests.backend_test.TestAdmin" name="test_admin_create_list_update_regen_delete" time="0.584" /><testcase classname="backend.tests.backend_test.TestAdmin" name="test_admin_update_nonexistent_customer" time="0.049" /><testcase classname="backend.tests.backend_test.TestAdmin" name="test_admin_delete_nonexistent_customer" time="0.046" /><testcase classname="backend.tests.backend_test.TestMe" name="test_me_stats" time="0.051" /><testcase classname="backend.tests.backend_test.TestMe" name="test_me_regenerate_key" time="0.096" /><testcase classname="backend.tests.backend_test.TestSessions" name="test_create_session" time="0.211" /><testcase classname="backend.tests.backend_test.TestSessions" name="test_session_status" time="2.081" /><testcase classname="backend.tests.backend_test.TestSessions" name="test_list_sessions" time="0.074" /><testcase classname="backend.tests.backend_test.TestSessions" name="test_status_unauthenticated" time="0.124" /><testcase classname="backend.tests.backend_test.TestSessions" name="test_status_other_user_404" time="0.051" /><testcase classname="backend.tests.backend_test.TestSessions" name="test_send_without_connected_session" time="0.100" /><testcase classname="backend.tests.backend_test.TestSessions" name="test_list_messages" time="0.046" /><testcase classname="backend.tests.backend_test.TestSessions" name="test_delete_session" time="0.121" /><testcase classname="backend.tests.backend_test.TestPublicAPI" name="test_public_messages_no_key" time="0.107" /><testcase classname="backend.tests.backend_test.TestPublicAPI" name="test_public_sessions_no_key" time="0.111" /><testcase classname="backend.tests.backend_test.TestPublicAPI" name="test_public_messages_bad_key" time="0.147" /><testcase classname="backend.tests.backend_test.TestPublicAPI" name="test_public_sessions_with_valid_key" time="0.093" /><testcase classname="backend.tests.backend_test.TestPublicAPI" name="test_public_messages_no_connected_session" time="0.454" /></testsuite></testsuites>